[Message:   BepInEx] BepInEx 5.4.22.0 - valheim_server (10.01.2024 16:16:05)
[Message:   BepInEx] User is running BepInExPack Valheim version 5.4.2202 from Thunderstore
[Info   :   BepInEx] Running under Unity v2022.3.12.5236448
[Info   :   BepInEx] CLR runtime version: 4.0.30319.42000
[Info   :   BepInEx] Supports SRE: True
[Info   :   BepInEx] System platform: Bits64, Windows
[Message:   BepInEx] Preloader started
[Info   :   BepInEx] Loaded 1 patcher method from [BepInEx.Preloader 5.4.22.0]
[Info   :   BepInEx] Loaded 1 patcher method from [BepInEx.MonoMod.HookGenPatcher 1.2.0.0]
[Info   :   BepInEx] 2 patcher plugins loaded
[Info   :HookGenPatcher] Previous MMHOOK location found. Using that location to save instead.
[Info   :HookGenPatcher] Already ran for this version, reusing that file.
[Info   :   BepInEx] Patching [UnityEngine.CoreModule] with [BepInEx.Chainloader]
[Message:   BepInEx] Preloader finished
[Message:   BepInEx] Chainloader ready
[Message:   BepInEx] Chainloader started
[Info   :   BepInEx] 90 plugins to load
[Info   :   BepInEx] Loading [PlantEverything 1.16.2]
[Info   : PlantEverything] Loaded extra resources from C:\Valheim\server-0.217.38\BepInEx\config\PlantEverything\PlantEverything_ExtraResources.cfg
[Info   :   BepInEx] Loading [Creature Level & Loot Control 4.5.19]
[Info   :   BepInEx] Loading [Epic Loot 0.9.37]
[Info   :   BepInEx] Loading [Spawn That! 1.2.8]
[Info   :   BepInEx] Loading [Drop That! 2.3.11]
[Message:Drop That!] Loading general configuration from C:\Valheim\server-0.217.38\BepInEx\config\drop_that.cfg.
[Info   :   BepInEx] Loading [AzuAntiArthriticCrafting 1.3.4]
[Info   :   BepInEx] Loading [AzuAntiCheat 4.3.2]
[Info   :AzuAntiCheat] Health limit has changed to 1000
[Info   :AzuAntiCheat] Stamina limit has changed to 1000
[Info   :AzuAntiCheat] Carry Weight limit has changed to 5000
[Info   :AzuAntiCheat] Damage limit has changed to 55000
[Info   :AzuAntiCheat] CheckInterval has changed to 60
[Info   :AzuAntiCheat] Instant Ban changed to [False]
[Info   :   BepInEx] Loading [AzuExtendedPlayerInventory 1.3.8]
[Info   :   BepInEx] Loading [AzuHoverStats 1.1.2]
[Info   :   BepInEx] Loading [AzuMiscPatches 1.1.12]
[Info   :   BepInEx] Loading [BindOnEquip 1.3.0]
[Info   :   BepInEx] Loading [CraftyCarts 3.1.1]
[Info   :   BepInEx] Loading [HelheimHarmonizer 1.0.3]
[Info   :   BepInEx] Loading [NoBuildDust 1.0.4]
[Info   :   BepInEx] Loading [PvPAlwaysOn 2.1.0]
[Info   :   BepInEx] Loading [SkillCapper 3.0.3]
[Info   :   BepInEx] Loading [XRayVision 2.2.1]
[Info   :   BepInEx] Loading [BalrondShipyard 1.2.6]
[Info   :   BepInEx] Loading [Better Continents 0.7.13]
[Info   :   BepInEx] Loading [BowPlugin 1.7.3]
[Info   :   BepInEx] Loading [TeleportationMeads 1.1.9]
[Info   :   BepInEx] Loading [WeaponHolsterOverhaul 1.1.2]
[Info   :   BepInEx] Loading [FloatingItems 1.0.0]
[Info   :   BepInEx] Loading [SurtlingBoats 2.0.5]
[Info   :   BepInEx] Loading [Groups 1.2.6]
