[17.11.2023 21:04:58] [Banker] Player User ID: 76561198140515938 Deposit an item CoinQuests with quantity: 3. Current quantity: 3
[12/6/2023 9:37:42 PM] [Marketplace] Player User ID: 76561198818118013 added an item ArmorRagsChest with quantity: 1 price: 10
[12/6/2023 10:07:18 PM] [Marketplace] Player User ID: 76561198151658830 added an item PickaxeBlackMetal with quantity: 1 price: 9999999
[12/6/2023 10:16:31 PM] [Banker] Player User ID: 76561198151658830 Deposit an item CoinTrading with quantity: 2. Current quantity: 2
[12/6/2023 10:17:12 PM] [Marketplace] Player User ID: 76561198151658830 added an item BowSpineSnap with quantity: 1 price: 9999999
[12/7/2023 5:53:05 PM] [Banker] Player User ID: 76561198151658830 Withdraw an item CoinTrading with quantity: 333
[12/9/2023 4:41:18 PM] [Transmog] Player Hlín has transmogged Cheat sword to Змеиный меч for 0 Dverger's coin
[12/15/2023 1:30:51 AM] [Banker] Player User ID: 76561198260827140 Deposit an item Coins with quantity: 100. Current quantity: 100
[12/18/2023 12:38:38 AM] [Banker] Player User ID: 76561198818118013 Deposit an item CoinQuests with quantity: 33. Current quantity: 33
[12/18/2023 12:38:42 AM] [Banker] Player User ID: 76561198818118013 Deposit an item Coins with quantity: 31. Current quantity: 31
[12/18/2023 11:59:48 PM] [Banker] Player User ID: 76561198818118013 Deposit an item CoinQuests with quantity: 29. Current quantity: 62
[12/18/2023 11:59:50 PM] [Banker] Player User ID: 76561198818118013 Deposit an item ForestToken with quantity: 2. Current quantity: 2
[12/18/2023 11:59:54 PM] [Banker] Player User ID: 76561198818118013 Deposit an item Coins with quantity: 3. Current quantity: 34
[12/19/2023 10:40:30 PM] [Banker] Player User ID: 76561198818118013 Deposit an item CoinQuests with quantity: 116. Current quantity: 178
[12/19/2023 10:40:34 PM] [Banker] Player User ID: 76561198818118013 Deposit an item Coins with quantity: 11. Current quantity: 45
[12/19/2023 10:41:30 PM] [Marketplace] Player User ID: 76561198818118013 added an item SwampChildCape with quantity: 1 price: 100
[12/19/2023 10:41:34 PM] [Marketplace] Player User ID: 76561198818118013 added an item SwampChildCape with quantity: 1 price: 100
[12/20/2023 11:51:07 PM] [Banker] Player User ID: 76561198818118013 Deposit an item CoinQuests with quantity: 94. Current quantity: 272
[12/20/2023 11:51:10 PM] [Banker] Player User ID: 76561198818118013 Deposit an item Coins with quantity: 45. Current quantity: 90
[12/21/2023 3:29:32 PM] [Marketplace] Малыш (ID: 76561198940098691) bought Сикор's (ID: 76561198818118013) slot SwampChildCape quantity: 1 (bought: x1) price: 100
[12/21/2023 3:30:06 PM] [Banker] Player User ID: 76561198940098691 Deposit an item Coins with quantity: 1. Current quantity: 1
[12/22/2023 2:49:51 PM] [Marketplace] Малыш (ID: 76561198940098691) bought Сикор's (ID: 76561198818118013) slot SwampChildCape quantity: 1 (bought: x1) price: 100
[12/22/2023 4:02:26 PM] [Trader] Сикор (76561198818118013) TraderNPC: x500 Trading's coin, for => x1 Rune of legendary growth
[12/22/2023 4:02:31 PM] [Trader] Сикор (76561198818118013) TraderNPC: x1 Trading's coin, for => x1 Smuggled Seeds
[12/22/2023 4:02:42 PM] [Trader] Сикор (76561198818118013) TraderNPC: x1 Trading's coin, for => x1 Potion of tailwind
[12/22/2023 4:02:42 PM] [Trader] Сикор (76561198818118013) TraderNPC: x1 Trading's coin, for => x1 Potion of tailwind
[12/22/2023 4:02:43 PM] [Trader] Сикор (76561198818118013) TraderNPC: x1 Trading's coin, for => x1 Potion of tailwind
[12/22/2023 4:02:43 PM] [Trader] Сикор (76561198818118013) TraderNPC: x1 Trading's coin, for => x1 Potion of tailwind
[12/22/2023 4:02:43 PM] [Trader] Сикор (76561198818118013) TraderNPC: x1 Trading's coin, for => x1 Potion of tailwind
[12/22/2023 4:02:43 PM] [Trader] Сикор (76561198818118013) TraderNPC: x1 Trading's coin, for => x1 Potion of tailwind
[12/22/2023 4:02:43 PM] [Trader] Сикор (76561198818118013) TraderNPC: x1 Trading's coin, for => x1 Potion of tailwind
[12/22/2023 4:02:44 PM] [Trader] Сикор (76561198818118013) TraderNPC: x1 Trading's coin, for => x1 Potion of tailwind
[12/22/2023 4:02:44 PM] [Trader] Сикор (76561198818118013) TraderNPC: x1 Trading's coin, for => x1 Potion of tailwind
[12/22/2023 4:02:45 PM] [Trader] Сикор (76561198818118013) TraderNPC: x1 Trading's coin, for => x1 Potion of tailwind
[12/22/2023 4:02:45 PM] [Trader] Сикор (76561198818118013) TraderNPC: x10 Trading's coin, for => x1 Blueprint: Smuggled
[12/22/2023 4:02:48 PM] [Trader] Сикор (76561198818118013) TraderNPC: x1 Trading's coin, for => x1 Smuggled Seeds
[12/22/2023 4:02:48 PM] [Trader] Сикор (76561198818118013) TraderNPC: x1 Trading's coin, for => x1 Smuggled Seeds
[12/22/2023 4:02:48 PM] [Trader] Сикор (76561198818118013) TraderNPC: x1 Trading's coin, for => x1 Smuggled Seeds
[12/22/2023 4:02:48 PM] [Trader] Сикор (76561198818118013) TraderNPC: x1 Trading's coin, for => x1 Smuggled Seeds
[12/22/2023 4:14:14 PM] [Trader] Сикор (76561198818118013) TraderNPC: x50 Trading's coin, for => x1 Rune of magic growth
[12/22/2023 4:14:17 PM] [Trader] Сикор (76561198818118013) TraderNPC: x150 Trading's coin, for => x1 Rune of rare growth
[12/22/2023 4:14:17 PM] [Trader] Сикор (76561198818118013) TraderNPC: x300 Trading's coin, for => x1 Rune of epic growth
[12/22/2023 4:14:51 PM] [Trader] Сикор (76561198818118013) TraderNPC: x5 Trading's coin, for => x5 Smuggled Seeds
[12/22/2023 8:22:10 PM] [Trader] Hlín (76561199195913807) TraderNPC: x1 Торговая монета, for => x1 Зелье попутного ветра
[12/22/2023 8:22:18 PM] [Trader] Hlín (76561199195913807) TraderNPC: x1 Торговая монета, for => x1 Контрабандные семена
[12/22/2023 8:22:19 PM] [Trader] Hlín (76561199195913807) TraderNPC: x1 Торговая монета, for => x1 Глина
[12/22/2023 8:22:20 PM] [Trader] Hlín (76561199195913807) TraderNPC: x1 Торговая монета, for => x1 Чернозём
[12/22/2023 8:22:20 PM] [Trader] Hlín (76561199195913807) TraderNPC: x1 Торговая монета, for => x1 Зелье попутного ветра
[12/22/2023 8:22:21 PM] [Trader] Hlín (76561199195913807) TraderNPC: x10 Торговая монета, for => x1 Контрабандный чертеж
[12/23/2023 1:19:20 AM] [Banker] Player User ID: 76561198818118013 Deposit an item CoinQuests with quantity: 200. Current quantity: 472
[12/23/2023 1:20:05 AM] [Banker] Player User ID: 76561198818118013 Withdraw an item CoinQuests with quantity: 400
[12/23/2023 1:21:04 AM] [Transmog] Player Сикор has transmogged Щит из черного металла to Blackmetal buckler for 20 Квестовая монета
[12/23/2023 1:21:57 AM] [Transmog] Player Сикор has transmogged Обитый шлем to Helm of Hati for 20 Квестовая монета
[12/23/2023 10:26:43 AM] [Banker] Player User ID: 76561198940098691 Deposit an item Coins with quantity: 893. Current quantity: 894
[12/23/2023 1:19:30 PM] [Transmog] Player Сикор has transmogged Сшитые из Эйтра штаны to Aesir Legplates for 20 Quest's coin
[12/23/2023 1:20:43 PM] [Banker] Player User ID: 76561198818118013 Deposit an item CoinQuests with quantity: 840. Current quantity: 912
[12/23/2023 1:20:47 PM] [Banker] Player User ID: 76561198818118013 Deposit an item ForestToken with quantity: 17. Current quantity: 19
[12/23/2023 1:20:50 PM] [Banker] Player User ID: 76561198818118013 Deposit an item GoldBountyToken with quantity: 17. Current quantity: 17
[12/23/2023 1:20:54 PM] [Banker] Player User ID: 76561198818118013 Deposit an item Coins with quantity: 6. Current quantity: 96
[12/23/2023 1:20:57 PM] [Banker] Player User ID: 76561198818118013 Deposit an item IronBountyToken with quantity: 18. Current quantity: 18
[12/23/2023 7:03:56 PM] [Banker] Player User ID: 76561198818118013 Deposit an item Coins with quantity: 600. Current quantity: 696
[12/23/2023 7:04:09 PM] [Banker] Player User ID: 76561198818118013 Deposit an item CoinQuests with quantity: 2224. Current quantity: 3136
[12/24/2023 10:07:48 PM] [Transmog] Player Korvin has transmogged Runic sword to Змеиный меч for 0 Dverger's coin
[12/25/2023 7:27:58 PM] [Marketplace] Player User ID: 76561199195913807 added an item Terrine with quantity: 1 price: 50
[12/25/2023 7:28:07 PM] [Marketplace] Player User ID: 76561199195913807 added an item Energybar with quantity: 1 price: 50
[12/25/2023 7:28:48 PM] [Marketplace] Player User ID: 76561199195913807 added an item Terrine with quantity: 1 price: 50
[12/25/2023 7:29:20 PM] [Marketplace] Player User ID: 76561199195913807 added an item BloodPudding with quantity: 1 price: 50
[12/25/2023 7:29:27 PM] [Marketplace] Player User ID: 76561199195913807 added an item mmo_orb1 with quantity: 1 price: 100
[12/25/2023 7:29:57 PM] [Marketplace] Player User ID: 76561199195913807 added an item Terrine with quantity: 1 price: 50
[12/25/2023 7:30:38 PM] [Marketplace] Player User ID: 76561199195913807 added an item Terrine with quantity: 1 price: 50
[12/25/2023 7:30:48 PM] [Marketplace] Player User ID: 76561199195913807 added an item mmo_orb1 with quantity: 1 price: 100
[12/25/2023 7:30:53 PM] [Marketplace] Player User ID: 76561199195913807 added an item mmo_orb1 with quantity: 1 price: 100
[12/25/2023 9:58:46 PM] [Trader] Lapkatst (76561198087239952) TraderNPC: x1 Торговая монета, for => x1 [abyssorb]
[12/25/2023 11:51:01 PM] [Trader] Смерт (76561198818118013) TraderNPC: x1 Душистая оленина, for => x5 Торговая монета
[12/26/2023 2:48:38 AM] [Trader] Смерт (76561198818118013) TraderNPC: x1 Походные подушки, for => x6 Торговая монета
[12/26/2023 3:23:35 AM] [Trader] Смерт (76561198818118013) TraderNPC: x6 Торговая монета, for => x1 XP Potion Greater
[12/26/2023 3:23:41 AM] [Trader] Смерт (76561198818118013) TraderNPC: x15 Торговая монета, for => x1 Сфера опыта 6ур
[12/26/2023 3:24:33 AM] [Trader] Смерт (76561198818118013) TraderNPC: x1 Квестовая монета, for => x1 Соль
[12/26/2023 3:24:34 AM] [Trader] Смерт (76561198818118013) TraderNPC: x1 Квестовая монета, for => x1 Винный уксус
[12/26/2023 3:24:35 AM] [Trader] Смерт (76561198818118013) TraderNPC: x1 Квестовая монета, for => x1 Морковное масло
[12/26/2023 3:24:37 AM] [Trader] Смерт (76561198818118013) TraderNPC: x1 Квестовая монета, for => x1 Жидкое морковное масло
[12/26/2023 3:24:41 AM] [Trader] Смерт (76561198818118013) TraderNPC: x1 Квестовая монета, for => x1 Бульйон 
[12/26/2023 12:18:13 PM] [Trader] Малыш (76561198940098691) TraderNPC: x1 Квестовая монета, for => x1 Жидкое морковное масло
[12/26/2023 12:18:16 PM] [Trader] Малыш (76561198940098691) TraderNPC: x1 Квестовая монета, for => x1 Морковное масло
[12/26/2023 12:18:16 PM] [Trader] Малыш (76561198940098691) TraderNPC: x1 Квестовая монета, for => x1 Винный уксус
[12/26/2023 12:18:18 PM] [Trader] Малыш (76561198940098691) TraderNPC: x1 Квестовая монета, for => x1 Соль
[12/26/2023 12:18:19 PM] [Trader] Малыш (76561198940098691) TraderNPC: x1 Квестовая монета, for => x1 Бульйон 
[12/26/2023 12:18:19 PM] [Trader] Малыш (76561198940098691) TraderNPC: x1 Квестовая монета, for => x1 Закваска
[12/26/2023 12:19:08 PM] [Banker] Player User ID: 76561198940098691 Deposit an item Coins with quantity: 14. Current quantity: 908
[12/26/2023 12:19:12 PM] [Banker] Player User ID: 76561198940098691 Withdraw an item Coins with quantity: 1234
[12/26/2023 10:23:53 PM] [Trader] Малыш (76561198940098691) TraderNPC: x1 Монеты, for => x50 [skill_661624204] EXP
[12/26/2023 10:24:40 PM] [Trader] Малыш (76561198940098691) TraderNPC: x1 Монеты, for => x50 [skill_1364982050] EXP
[12/26/2023 10:27:00 PM] [Trader] Малыш (76561198940098691) TraderNPC: x1 Монеты, for => x50 Панцирь
[12/27/2023 10:58:17 AM] [Trader] Малыш (76561198940098691) TraderNPC: x1 Монеты, for => x50 Шкура оленя
[12/27/2023 11:18:52 AM] [Trader] Малыш (76561198940098691) TraderNPC: x1 Монеты, for => x50 Перья
[12/27/2023 11:18:56 AM] [Trader] Малыш (76561198940098691) TraderNPC: x1 Монеты, for => x50 Древесина
[12/27/2023 11:19:02 AM] [Trader] Малыш (76561198940098691) TraderNPC: x1 Монеты, for => x50 Смола
[12/27/2023 5:49:33 PM] [Marketplace] Малыш (ID: 76561198940098691) bought Hlín's (ID: 76561199195913807) slot Terrine quantity: 1 (bought: x1) price: 50
[12/27/2023 5:49:36 PM] [Marketplace] Малыш (ID: 76561198940098691) bought Hlín's (ID: 76561199195913807) slot BloodPudding quantity: 1 (bought: x1) price: 50
[12/27/2023 5:49:38 PM] [Marketplace] Малыш (ID: 76561198940098691) bought Hlín's (ID: 76561199195913807) slot Energybar quantity: 1 (bought: x1) price: 50
[12/28/2023 2:23:46 PM] [Marketplace] Малыш (ID: 76561198940098691) bought Hlín's (ID: 76561199195913807) slot Terrine quantity: 1 (bought: x1) price: 50
[12/28/2023 10:50:45 PM] [Trader] Смерт (76561198818118013) TraderNPC: x1 Походные подушки, for => x6 Торговая монета
[12/31/2023 2:23:46 AM] [Banker] Player User ID: 76561198818118013 Deposit an item IronBountyToken with quantity: 41. Current quantity: 59
[12/31/2023 2:23:49 AM] [Banker] Player User ID: 76561198818118013 Deposit an item CoinQuests with quantity: 421. Current quantity: 3557
[12/31/2023 2:23:57 AM] [Banker] Player User ID: 76561198818118013 Deposit an item Coins with quantity: 300. Current quantity: 996
[1/4/2024 11:54:38 PM] [Marketplace] Малыш (ID: 76561198940098691) bought Hlín's (ID: 76561199195913807) slot Terrine quantity: 1 (bought: x1) price: 50
[1/4/2024 11:54:40 PM] [Marketplace] Малыш (ID: 76561198940098691) bought Hlín's (ID: 76561199195913807) slot Terrine quantity: 1 (bought: x1) price: 50
[1/4/2024 11:54:42 PM] [Marketplace] Малыш (ID: 76561198940098691) bought Hlín's (ID: 76561199195913807) slot mmo_orb1 quantity: 1 (bought: x1) price: 100
[1/4/2024 11:54:44 PM] [Marketplace] Малыш (ID: 76561198940098691) bought Hlín's (ID: 76561199195913807) slot mmo_orb1 quantity: 1 (bought: x1) price: 100
[1/4/2024 11:54:45 PM] [Marketplace] Малыш (ID: 76561198940098691) bought Hlín's (ID: 76561199195913807) slot mmo_orb1 quantity: 1 (bought: x1) price: 100
[1/4/2024 11:55:02 PM] [Trader] Малыш (76561198940098691) TraderNPC: x1 Монеты, for => x50 Семена репы
[1/4/2024 11:55:04 PM] [Trader] Малыш (76561198940098691) TraderNPC: x1 Монеты, for => x50 Семена моркови
[1/4/2024 11:55:12 PM] [Trader] Малыш (76561198940098691) TraderNPC: x1 Монеты, for => x50 Туша
[1/4/2024 11:55:14 PM] [Trader] Малыш (76561198940098691) TraderNPC: x1 Монеты, for => x50 Чертополох
[1/4/2024 11:55:24 PM] [Trader] Малыш (76561198940098691) TraderNPC: x1 Монеты, for => x50 Потроха
[1/4/2024 11:56:10 PM] [Trader] Малыш (76561198940098691) TraderNPC: x1 Монеты, for => x50 Жижа
[1/4/2024 11:56:11 PM] [Trader] Малыш (76561198940098691) TraderNPC: x1 Монеты, for => x50 Морозная железа
[1/5/2024 11:40:13 AM] [Trader] Смерт (76561198818118013) TraderNPC: x1 Квестовая монета, for => x1 Морковное масло
[1/5/2024 11:40:13 AM] [Trader] Смерт (76561198818118013) TraderNPC: x1 Квестовая монета, for => x1 Морковное масло
[1/5/2024 11:40:14 AM] [Trader] Смерт (76561198818118013) TraderNPC: x1 Квестовая монета, for => x1 Морковное масло
[1/5/2024 11:40:14 AM] [Trader] Смерт (76561198818118013) TraderNPC: x1 Квестовая монета, for => x1 Морковное масло
[1/5/2024 11:40:14 AM] [Trader] Смерт (76561198818118013) TraderNPC: x1 Квестовая монета, for => x1 Морковное масло
[1/5/2024 11:40:14 AM] [Trader] Смерт (76561198818118013) TraderNPC: x1 Квестовая монета, for => x1 Морковное масло
[1/5/2024 11:40:14 AM] [Trader] Смерт (76561198818118013) TraderNPC: x1 Квестовая монета, for => x1 Морковное масло
[1/5/2024 11:40:14 AM] [Trader] Смерт (76561198818118013) TraderNPC: x1 Квестовая монета, for => x1 Морковное масло
[1/5/2024 11:40:14 AM] [Trader] Смерт (76561198818118013) TraderNPC: x1 Квестовая монета, for => x1 Морковное масло
[1/5/2024 11:40:15 AM] [Trader] Смерт (76561198818118013) TraderNPC: x1 Квестовая монета, for => x1 Морковное масло
[1/5/2024 11:40:15 AM] [Trader] Смерт (76561198818118013) TraderNPC: x1 Квестовая монета, for => x1 Морковное масло
[1/5/2024 11:40:15 AM] [Trader] Смерт (76561198818118013) TraderNPC: x1 Квестовая монета, for => x1 Морковное масло
[1/5/2024 11:40:15 AM] [Trader] Смерт (76561198818118013) TraderNPC: x1 Квестовая монета, for => x1 Морковное масло
[1/5/2024 11:40:15 AM] [Trader] Смерт (76561198818118013) TraderNPC: x1 Квестовая монета, for => x1 Морковное масло
[1/5/2024 11:40:15 AM] [Trader] Смерт (76561198818118013) TraderNPC: x1 Квестовая монета, for => x1 Морковное масло
[1/5/2024 11:40:15 AM] [Trader] Смерт (76561198818118013) TraderNPC: x1 Квестовая монета, for => x1 Морковное масло
[1/5/2024 11:40:16 AM] [Trader] Смерт (76561198818118013) TraderNPC: x1 Квестовая монета, for => x1 Морковное масло
[1/5/2024 11:40:16 AM] [Trader] Смерт (76561198818118013) TraderNPC: x1 Квестовая монета, for => x1 Морковное масло
[1/5/2024 11:40:16 AM] [Trader] Смерт (76561198818118013) TraderNPC: x1 Квестовая монета, for => x1 Морковное масло
[1/5/2024 11:40:16 AM] [Trader] Смерт (76561198818118013) TraderNPC: x1 Квестовая монета, for => x1 Морковное масло
[1/5/2024 11:40:16 AM] [Trader] Смерт (76561198818118013) TraderNPC: x1 Квестовая монета, for => x1 Морковное масло
[1/5/2024 11:40:16 AM] [Trader] Смерт (76561198818118013) TraderNPC: x1 Квестовая монета, for => x1 Морковное масло
[1/5/2024 11:40:16 AM] [Trader] Смерт (76561198818118013) TraderNPC: x1 Квестовая монета, for => x1 Морковное масло
[1/5/2024 11:40:17 AM] [Trader] Смерт (76561198818118013) TraderNPC: x1 Квестовая монета, for => x1 Морковное масло
[1/5/2024 11:40:17 AM] [Trader] Смерт (76561198818118013) TraderNPC: x1 Квестовая монета, for => x1 Морковное масло
[1/5/2024 11:40:17 AM] [Trader] Смерт (76561198818118013) TraderNPC: x1 Квестовая монета, for => x1 Морковное масло
[1/5/2024 11:40:18 AM] [Trader] Смерт (76561198818118013) TraderNPC: x1 Квестовая монета, for => x1 Морковное масло
[1/5/2024 11:40:18 AM] [Trader] Смерт (76561198818118013) TraderNPC: x1 Квестовая монета, for => x1 Морковное масло
[1/5/2024 11:40:18 AM] [Trader] Смерт (76561198818118013) TraderNPC: x1 Квестовая монета, for => x1 Морковное масло
[1/5/2024 11:40:18 AM] [Trader] Смерт (76561198818118013) TraderNPC: x1 Квестовая монета, for => x1 Морковное масло
[1/5/2024 11:40:18 AM] [Trader] Смерт (76561198818118013) TraderNPC: x1 Квестовая монета, for => x1 Морковное масло
[1/5/2024 11:40:19 AM] [Trader] Смерт (76561198818118013) TraderNPC: x1 Квестовая монета, for => x1 Морковное масло
[1/5/2024 11:40:19 AM] [Trader] Смерт (76561198818118013) TraderNPC: x1 Квестовая монета, for => x1 Морковное масло
[1/5/2024 11:40:19 AM] [Trader] Смерт (76561198818118013) TraderNPC: x1 Квестовая монета, for => x1 Морковное масло
[1/5/2024 11:40:20 AM] [Trader] Смерт (76561198818118013) TraderNPC: x1 Квестовая монета, for => x1 Морковное масло
[1/5/2024 11:40:21 AM] [Trader] Смерт (76561198818118013) TraderNPC: x1 Квестовая монета, for => x1 Морковное масло
[1/5/2024 11:40:26 AM] [Trader] Смерт (76561198818118013) TraderNPC: x1 Квестовая монета, for => x1 Бульйон 
[1/5/2024 11:40:26 AM] [Trader] Смерт (76561198818118013) TraderNPC: x1 Квестовая монета, for => x1 Бульйон 
[1/5/2024 11:40:27 AM] [Trader] Смерт (76561198818118013) TraderNPC: x1 Квестовая монета, for => x1 Бульйон 
[1/5/2024 11:40:27 AM] [Trader] Смерт (76561198818118013) TraderNPC: x1 Квестовая монета, for => x1 Бульйон 
[1/5/2024 11:40:27 AM] [Trader] Смерт (76561198818118013) TraderNPC: x1 Квестовая монета, for => x1 Бульйон 
[1/5/2024 11:40:27 AM] [Trader] Смерт (76561198818118013) TraderNPC: x1 Квестовая монета, for => x1 Бульйон 
[1/5/2024 11:40:27 AM] [Trader] Смерт (76561198818118013) TraderNPC: x1 Квестовая монета, for => x1 Бульйон 
[1/5/2024 11:40:27 AM] [Trader] Смерт (76561198818118013) TraderNPC: x1 Квестовая монета, for => x1 Бульйон 
[1/5/2024 11:40:28 AM] [Trader] Смерт (76561198818118013) TraderNPC: x1 Квестовая монета, for => x1 Бульйон 
[1/5/2024 11:40:28 AM] [Trader] Смерт (76561198818118013) TraderNPC: x1 Квестовая монета, for => x1 Бульйон 
[1/5/2024 11:40:28 AM] [Trader] Смерт (76561198818118013) TraderNPC: x1 Квестовая монета, for => x1 Бульйон 
[1/5/2024 11:40:29 AM] [Trader] Смерт (76561198818118013) TraderNPC: x1 Квестовая монета, for => x1 Бульйон 
[1/5/2024 11:40:29 AM] [Trader] Смерт (76561198818118013) TraderNPC: x1 Квестовая монета, for => x1 Бульйон 
[1/5/2024 11:40:29 AM] [Trader] Смерт (76561198818118013) TraderNPC: x1 Квестовая монета, for => x1 Бульйон 
[1/5/2024 11:40:30 AM] [Trader] Смерт (76561198818118013) TraderNPC: x1 Квестовая монета, for => x1 Бульйон 
[1/5/2024 11:40:30 AM] [Trader] Смерт (76561198818118013) TraderNPC: x1 Квестовая монета, for => x1 Бульйон 
[1/5/2024 11:40:30 AM] [Trader] Смерт (76561198818118013) TraderNPC: x1 Квестовая монета, for => x1 Бульйон 
[1/5/2024 11:40:30 AM] [Trader] Смерт (76561198818118013) TraderNPC: x1 Квестовая монета, for => x1 Бульйон 
[1/5/2024 11:40:31 AM] [Trader] Смерт (76561198818118013) TraderNPC: x1 Квестовая монета, for => x1 Бульйон 
[1/5/2024 11:40:31 AM] [Trader] Смерт (76561198818118013) TraderNPC: x1 Квестовая монета, for => x1 Бульйон 
[1/5/2024 11:40:33 AM] [Trader] Смерт (76561198818118013) TraderNPC: x1 Квестовая монета, for => x1 Винный уксус
[1/5/2024 11:40:33 AM] [Trader] Смерт (76561198818118013) TraderNPC: x1 Квестовая монета, for => x1 Винный уксус
[1/5/2024 11:40:34 AM] [Trader] Смерт (76561198818118013) TraderNPC: x1 Квестовая монета, for => x1 Винный уксус
[1/5/2024 11:40:34 AM] [Trader] Смерт (76561198818118013) TraderNPC: x1 Квестовая монета, for => x1 Винный уксус
[1/5/2024 11:40:34 AM] [Trader] Смерт (76561198818118013) TraderNPC: x1 Квестовая монета, for => x1 Винный уксус
[1/5/2024 11:40:34 AM] [Trader] Смерт (76561198818118013) TraderNPC: x1 Квестовая монета, for => x1 Винный уксус
[1/5/2024 11:40:34 AM] [Trader] Смерт (76561198818118013) TraderNPC: x1 Квестовая монета, for => x1 Винный уксус
[1/5/2024 11:40:34 AM] [Trader] Смерт (76561198818118013) TraderNPC: x1 Квестовая монета, for => x1 Винный уксус
[1/5/2024 11:40:34 AM] [Trader] Смерт (76561198818118013) TraderNPC: x1 Квестовая монета, for => x1 Винный уксус
[1/5/2024 11:40:35 AM] [Trader] Смерт (76561198818118013) TraderNPC: x1 Квестовая монета, for => x1 Винный уксус
[1/5/2024 11:40:35 AM] [Trader] Смерт (76561198818118013) TraderNPC: x1 Квестовая монета, for => x1 Винный уксус
[1/5/2024 11:40:35 AM] [Trader] Смерт (76561198818118013) TraderNPC: x1 Квестовая монета, for => x1 Винный уксус
[1/5/2024 11:40:35 AM] [Trader] Смерт (76561198818118013) TraderNPC: x1 Квестовая монета, for => x1 Винный уксус
[1/5/2024 11:40:35 AM] [Trader] Смерт (76561198818118013) TraderNPC: x1 Квестовая монета, for => x1 Винный уксус
[1/5/2024 11:40:35 AM] [Trader] Смерт (76561198818118013) TraderNPC: x1 Квестовая монета, for => x1 Винный уксус
[1/5/2024 11:40:35 AM] [Trader] Смерт (76561198818118013) TraderNPC: x1 Квестовая монета, for => x1 Винный уксус
[1/5/2024 11:40:35 AM] [Trader] Смерт (76561198818118013) TraderNPC: x1 Квестовая монета, for => x1 Винный уксус
[1/5/2024 11:40:36 AM] [Trader] Смерт (76561198818118013) TraderNPC: x1 Квестовая монета, for => x1 Винный уксус
[1/5/2024 11:40:36 AM] [Trader] Смерт (76561198818118013) TraderNPC: x1 Квестовая монета, for => x1 Винный уксус
[1/5/2024 11:40:36 AM] [Trader] Смерт (76561198818118013) TraderNPC: x1 Квестовая монета, for => x1 Винный уксус
[1/5/2024 11:40:36 AM] [Trader] Смерт (76561198818118013) TraderNPC: x1 Квестовая монета, for => x1 Винный уксус
[1/5/2024 11:40:37 AM] [Trader] Смерт (76561198818118013) TraderNPC: x1 Квестовая монета, for => x1 Винный уксус
[1/5/2024 11:40:37 AM] [Trader] Смерт (76561198818118013) TraderNPC: x1 Квестовая монета, for => x1 Винный уксус
[1/5/2024 11:40:37 AM] [Trader] Смерт (76561198818118013) TraderNPC: x1 Квестовая монета, for => x1 Винный уксус
[1/5/2024 11:40:37 AM] [Trader] Смерт (76561198818118013) TraderNPC: x1 Квестовая монета, for => x1 Винный уксус
[1/5/2024 11:40:37 AM] [Trader] Смерт (76561198818118013) TraderNPC: x1 Квестовая монета, for => x1 Винный уксус
[1/5/2024 11:40:37 AM] [Trader] Смерт (76561198818118013) TraderNPC: x1 Квестовая монета, for => x1 Винный уксус
[1/5/2024 11:40:38 AM] [Trader] Смерт (76561198818118013) TraderNPC: x1 Квестовая монета, for => x1 Винный уксус
[1/5/2024 11:40:38 AM] [Trader] Смерт (76561198818118013) TraderNPC: x1 Квестовая монета, for => x1 Винный уксус
[1/5/2024 11:40:38 AM] [Trader] Смерт (76561198818118013) TraderNPC: x1 Квестовая монета, for => x1 Винный уксус
[1/5/2024 11:40:39 AM] [Trader] Смерт (76561198818118013) TraderNPC: x1 Квестовая монета, for => x1 Соль
[1/5/2024 11:40:39 AM] [Trader] Смерт (76561198818118013) TraderNPC: x1 Квестовая монета, for => x1 Соль
[1/5/2024 11:40:39 AM] [Trader] Смерт (76561198818118013) TraderNPC: x1 Квестовая монета, for => x1 Соль
[1/5/2024 11:40:39 AM] [Trader] Смерт (76561198818118013) TraderNPC: x1 Квестовая монета, for => x1 Соль
[1/5/2024 11:40:39 AM] [Trader] Смерт (76561198818118013) TraderNPC: x1 Квестовая монета, for => x1 Соль
[1/5/2024 11:40:39 AM] [Trader] Смерт (76561198818118013) TraderNPC: x1 Квестовая монета, for => x1 Соль
[1/5/2024 11:40:40 AM] [Trader] Смерт (76561198818118013) TraderNPC: x1 Квестовая монета, for => x1 Соль
[1/5/2024 11:40:40 AM] [Trader] Смерт (76561198818118013) TraderNPC: x1 Квестовая монета, for => x1 Соль
[1/5/2024 11:40:40 AM] [Trader] Смерт (76561198818118013) TraderNPC: x1 Квестовая монета, for => x1 Соль
[1/5/2024 11:40:40 AM] [Trader] Смерт (76561198818118013) TraderNPC: x1 Квестовая монета, for => x1 Соль
[1/5/2024 11:40:40 AM] [Trader] Смерт (76561198818118013) TraderNPC: x1 Квестовая монета, for => x1 Соль
[1/5/2024 11:40:40 AM] [Trader] Смерт (76561198818118013) TraderNPC: x1 Квестовая монета, for => x1 Соль
[1/5/2024 11:40:40 AM] [Trader] Смерт (76561198818118013) TraderNPC: x1 Квестовая монета, for => x1 Соль
[1/5/2024 11:40:41 AM] [Trader] Смерт (76561198818118013) TraderNPC: x1 Квестовая монета, for => x1 Соль
[1/5/2024 1:42:34 PM] [Trader] Смерт (76561198818118013) TraderNPC: x1 Монеты, for => x50 Туша
[1/5/2024 1:42:35 PM] [Trader] Смерт (76561198818118013) TraderNPC: x1 Монеты, for => x50 Туша
[1/5/2024 1:42:42 PM] [Trader] Смерт (76561198818118013) TraderNPC: x1 Монеты, for => x50 Лен
[1/5/2024 1:42:42 PM] [Trader] Смерт (76561198818118013) TraderNPC: x1 Монеты, for => x50 Лен
[1/5/2024 1:42:43 PM] [Trader] Смерт (76561198818118013) TraderNPC: x1 Монеты, for => x50 Лен
[1/5/2024 1:42:44 PM] [Trader] Смерт (76561198818118013) TraderNPC: x1 Монеты, for => x50 Лен
[1/5/2024 1:42:44 PM] [Trader] Смерт (76561198818118013) TraderNPC: x1 Монеты, for => x50 Лен
[1/5/2024 1:42:44 PM] [Trader] Смерт (76561198818118013) TraderNPC: x1 Монеты, for => x50 Лен
[1/5/2024 1:42:47 PM] [Trader] Смерт (76561198818118013) TraderNPC: x1 Монеты, for => x10 Ячмень
[1/5/2024 1:42:48 PM] [Trader] Смерт (76561198818118013) TraderNPC: x1 Монеты, for => x10 Ячмень
[1/5/2024 1:42:48 PM] [Trader] Смерт (76561198818118013) TraderNPC: x1 Монеты, for => x10 Ячмень
[1/5/2024 1:42:50 PM] [Trader] Смерт (76561198818118013) TraderNPC: x1 Монеты, for => x10 Ячмень
[1/5/2024 1:42:50 PM] [Trader] Смерт (76561198818118013) TraderNPC: x1 Монеты, for => x10 Ячмень
[1/5/2024 1:42:50 PM] [Trader] Смерт (76561198818118013) TraderNPC: x1 Монеты, for => x10 Ячмень
[1/5/2024 1:42:51 PM] [Trader] Смерт (76561198818118013) TraderNPC: x1 Монеты, for => x10 Ячмень
[1/5/2024 1:42:51 PM] [Trader] Смерт (76561198818118013) TraderNPC: x1 Монеты, for => x10 Ячмень
[1/5/2024 1:42:51 PM] [Trader] Смерт (76561198818118013) TraderNPC: x1 Монеты, for => x10 Ячмень
[1/5/2024 1:42:51 PM] [Trader] Смерт (76561198818118013) TraderNPC: x1 Монеты, for => x10 Ячмень
[1/5/2024 1:42:51 PM] [Trader] Смерт (76561198818118013) TraderNPC: x1 Монеты, for => x10 Ячмень
[1/5/2024 1:42:51 PM] [Trader] Смерт (76561198818118013) TraderNPC: x1 Монеты, for => x10 Ячмень
[1/5/2024 1:42:52 PM] [Trader] Смерт (76561198818118013) TraderNPC: x1 Монеты, for => x10 Ячмень
[1/5/2024 1:42:52 PM] [Trader] Смерт (76561198818118013) TraderNPC: x1 Монеты, for => x10 Ячмень
[1/5/2024 1:42:52 PM] [Trader] Смерт (76561198818118013) TraderNPC: x1 Монеты, for => x10 Ячмень
[1/5/2024 1:42:52 PM] [Trader] Смерт (76561198818118013) TraderNPC: x1 Монеты, for => x10 Ячмень
[1/5/2024 1:42:52 PM] [Trader] Смерт (76561198818118013) TraderNPC: x1 Монеты, for => x10 Ячмень
[1/5/2024 1:42:52 PM] [Trader] Смерт (76561198818118013) TraderNPC: x1 Монеты, for => x10 Ячмень
[1/5/2024 1:42:53 PM] [Trader] Смерт (76561198818118013) TraderNPC: x1 Монеты, for => x10 Ячмень
[1/5/2024 1:42:53 PM] [Trader] Смерт (76561198818118013) TraderNPC: x1 Монеты, for => x10 Ячмень
[1/5/2024 1:42:53 PM] [Trader] Смерт (76561198818118013) TraderNPC: x1 Монеты, for => x10 Ячмень
[1/5/2024 1:42:53 PM] [Trader] Смерт (76561198818118013) TraderNPC: x1 Монеты, for => x10 Ячмень
[1/5/2024 1:42:53 PM] [Trader] Смерт (76561198818118013) TraderNPC: x1 Монеты, for => x10 Ячмень
[1/5/2024 1:42:54 PM] [Trader] Смерт (76561198818118013) TraderNPC: x1 Монеты, for => x10 Ячмень
[1/5/2024 1:42:54 PM] [Trader] Смерт (76561198818118013) TraderNPC: x1 Монеты, for => x10 Ячмень
[1/5/2024 1:42:54 PM] [Trader] Смерт (76561198818118013) TraderNPC: x1 Монеты, for => x10 Ячмень
[1/5/2024 1:42:54 PM] [Trader] Смерт (76561198818118013) TraderNPC: x1 Монеты, for => x10 Ячмень
[1/5/2024 1:42:54 PM] [Trader] Смерт (76561198818118013) TraderNPC: x1 Монеты, for => x10 Ячмень
[1/5/2024 1:42:54 PM] [Trader] Смерт (76561198818118013) TraderNPC: x1 Монеты, for => x10 Ячмень
[1/5/2024 1:42:54 PM] [Trader] Смерт (76561198818118013) TraderNPC: x1 Монеты, for => x10 Ячмень
[1/5/2024 1:42:55 PM] [Trader] Смерт (76561198818118013) TraderNPC: x1 Монеты, for => x10 Ячмень
[1/5/2024 1:42:55 PM] [Trader] Смерт (76561198818118013) TraderNPC: x1 Монеты, for => x10 Ячмень
[1/5/2024 1:42:55 PM] [Trader] Смерт (76561198818118013) TraderNPC: x1 Монеты, for => x10 Ячмень
[1/5/2024 1:42:55 PM] [Trader] Смерт (76561198818118013) TraderNPC: x1 Монеты, for => x10 Ячмень
[1/5/2024 1:42:55 PM] [Trader] Смерт (76561198818118013) TraderNPC: x1 Монеты, for => x10 Ячмень
[1/5/2024 1:42:56 PM] [Trader] Смерт (76561198818118013) TraderNPC: x1 Монеты, for => x10 Ячмень
[1/5/2024 1:42:56 PM] [Trader] Смерт (76561198818118013) TraderNPC: x1 Монеты, for => x10 Ячмень
[1/5/2024 2:00:13 PM] [Trader] Смерт (76561198818118013) TraderNPC: x10 Торговая монета, for => x1 Контрабандный чертеж
[1/5/2024 2:00:21 PM] [Trader] Смерт (76561198818118013) TraderNPC: x1 Торговая монета, for => x1 Чернозём
[1/5/2024 2:00:24 PM] [Trader] Смерт (76561198818118013) TraderNPC: x1 Торговая монета, for => x1 Глина
[1/5/2024 2:00:25 PM] [Trader] Смерт (76561198818118013) TraderNPC: x1 Торговая монета, for => x1 Глина
[1/5/2024 2:00:26 PM] [Trader] Смерт (76561198818118013) TraderNPC: x1 Торговая монета, for => x1 Глина
[1/5/2024 2:00:26 PM] [Trader] Смерт (76561198818118013) TraderNPC: x1 Торговая монета, for => x1 Глина
[1/5/2024 2:00:27 PM] [Trader] Смерт (76561198818118013) TraderNPC: x1 Торговая монета, for => x1 Глина
[1/5/2024 2:00:28 PM] [Trader] Смерт (76561198818118013) TraderNPC: x1 Торговая монета, for => x1 Чернозём
[1/5/2024 2:00:28 PM] [Trader] Смерт (76561198818118013) TraderNPC: x1 Торговая монета, for => x1 Чернозём
[1/5/2024 2:00:29 PM] [Trader] Смерт (76561198818118013) TraderNPC: x1 Торговая монета, for => x1 Чернозём
[1/5/2024 2:00:29 PM] [Trader] Смерт (76561198818118013) TraderNPC: x1 Торговая монета, for => x1 Чернозём
[1/5/2024 2:00:31 PM] [Trader] Смерт (76561198818118013) TraderNPC: x1 Торговая монета, for => x1 Контрабандные семена
[1/5/2024 2:00:31 PM] [Trader] Смерт (76561198818118013) TraderNPC: x1 Торговая монета, for => x1 Контрабандные семена
[1/5/2024 2:00:32 PM] [Trader] Смерт (76561198818118013) TraderNPC: x1 Торговая монета, for => x1 Контрабандные семена
[1/5/2024 2:00:32 PM] [Trader] Смерт (76561198818118013) TraderNPC: x1 Торговая монета, for => x1 Контрабандные семена
[1/5/2024 2:00:33 PM] [Trader] Смерт (76561198818118013) TraderNPC: x1 Торговая монета, for => x1 Контрабандные семена
[1/5/2024 2:00:34 PM] [Trader] Смерт (76561198818118013) TraderNPC: x1 Торговая монета, for => x1 Контрабандные семена
[1/5/2024 2:00:34 PM] [Trader] Смерт (76561198818118013) TraderNPC: x1 Торговая монета, for => x1 Контрабандные семена
[1/5/2024 2:00:34 PM] [Trader] Смерт (76561198818118013) TraderNPC: x1 Торговая монета, for => x1 Контрабандные семена
[1/5/2024 2:00:34 PM] [Trader] Смерт (76561198818118013) TraderNPC: x1 Торговая монета, for => x1 Контрабандные семена
[1/5/2024 2:00:34 PM] [Trader] Смерт (76561198818118013) TraderNPC: x1 Торговая монета, for => x1 Контрабандные семена
[1/5/2024 2:01:01 PM] [Trader] Смерт (76561198818118013) TraderNPC: x10 Торговая монета, for => x1 Контрабандный чертеж
[1/5/2024 2:01:02 PM] [Trader] Смерт (76561198818118013) TraderNPC: x10 Торговая монета, for => x1 Контрабандный чертеж
[1/5/2024 2:01:02 PM] [Trader] Смерт (76561198818118013) TraderNPC: x10 Торговая монета, for => x1 Контрабандный чертеж
[1/5/2024 2:35:52 PM] [Trader] Смерт (76561198818118013) TraderNPC: x10 Торговая монета, for => x1 Контрабандный чертеж
[1/5/2024 2:35:52 PM] [Trader] Смерт (76561198818118013) TraderNPC: x10 Торговая монета, for => x1 Контрабандный чертеж
[1/5/2024 2:35:53 PM] [Trader] Смерт (76561198818118013) TraderNPC: x10 Торговая монета, for => x1 Контрабандный чертеж
[1/5/2024 2:35:53 PM] [Trader] Смерт (76561198818118013) TraderNPC: x10 Торговая монета, for => x1 Контрабандный чертеж
[1/5/2024 2:35:53 PM] [Trader] Смерт (76561198818118013) TraderNPC: x10 Торговая монета, for => x1 Контрабандный чертеж
[1/5/2024 7:48:26 PM] [Banker] Player User ID: 76561198940098691 Deposit an item Coins with quantity: 2127. Current quantity: 2127
[1/5/2024 7:48:43 PM] [Banker] Player User ID: 76561198940098691 Deposit an item CoinQuests with quantity: 2843. Current quantity: 2843
[1/5/2024 7:48:47 PM] [Banker] Player User ID: 76561198940098691 Deposit an item CoinTrading with quantity: 60. Current quantity: 60
[1/5/2024 8:15:16 PM] [Banker] Player User ID: 76561198940098691 Withdraw an item Coins with quantity: 100
[1/5/2024 8:15:22 PM] [Banker] Player User ID: 76561198940098691 Withdraw an item Coins with quantity: 300
[1/5/2024 10:30:37 PM] [Banker] Player User ID: 76561198940098691 Deposit an item Ruby with quantity: 3. Current quantity: 3
[1/5/2024 10:30:42 PM] [Banker] Player User ID: 76561198940098691 Deposit an item AmberPearl with quantity: 13. Current quantity: 13
[1/5/2024 10:30:45 PM] [Banker] Player User ID: 76561198940098691 Deposit an item IronBountyToken with quantity: 4. Current quantity: 4
[1/5/2024 11:22:00 PM] [Banker] Player User ID: 76561198940098691 Withdraw an item CoinTrading with quantity: 10
[1/5/2024 11:22:07 PM] [Trader] Малыш (76561198940098691) TraderNPC: x6 Торговая монета, for => x1 Сфера опыта 3ур
[1/5/2024 11:22:13 PM] [Trader] Малыш (76561198940098691) TraderNPC: x4 Торговая монета, for => x1 Сфера опыта 2ур
[1/6/2024 12:59:14 AM] [Banker] Player User ID: 76561198940098691 Deposit an item SilverNecklace with quantity: 1. Current quantity: 1
[1/6/2024 12:59:23 AM] [Banker] Player User ID: 76561198400950881 Deposit an item CoinQuests with quantity: 165. Current quantity: 165
[1/6/2024 12:59:23 AM] [Banker] Player User ID: 76561198400950881 Deposit an item Coins with quantity: 262. Current quantity: 262
[1/6/2024 12:59:28 AM] [Banker] Player User ID: 76561198940098691 Deposit an item AmberPearl with quantity: 6. Current quantity: 19
[1/6/2024 12:59:34 AM] [Banker] Player User ID: 76561198400950881 Withdraw an item Coins with quantity: 1
[1/6/2024 12:59:38 AM] [Banker] Player User ID: 76561198400950881 Deposit an item Coins with quantity: 1. Current quantity: 262
[1/7/2024 7:25:03 PM] [Trader] Hlín (76561199195913807) TraderNPC: x10 Торговая монета, for => x1 Контрабандный чертеж
[1/7/2024 7:25:04 PM] [Trader] Hlín (76561199195913807) TraderNPC: x1 Торговая монета, for => x1 Зелье попутного ветра
[1/7/2024 7:25:05 PM] [Trader] Hlín (76561199195913807) TraderNPC: x1 Торговая монета, for => x1 Чернозём
[1/7/2024 7:25:05 PM] [Trader] Hlín (76561199195913807) TraderNPC: x1 Торговая монета, for => x1 Глина
[1/7/2024 7:25:06 PM] [Trader] Hlín (76561199195913807) TraderNPC: x1 Торговая монета, for => x1 Контрабандные семена
[1/7/2024 7:25:06 PM] [Trader] Hlín (76561199195913807) TraderNPC: x50 Торговая монета, for => x1 Руна магического роста
[1/7/2024 7:25:07 PM] [Trader] Hlín (76561199195913807) TraderNPC: x10 Квестовая монета, for => x1 Медовуха Капитана
[1/7/2024 7:25:08 PM] [Trader] Hlín (76561199195913807) TraderNPC: x10 Квестовая монета, for => x1 Медовуха Двергов
[1/13/2024 8:06:54 PM] [Trader] Смерт (76561198818118013) TraderNPC: x10 Квестовая монета, for => x1 Медовуха Двергов
[1/13/2024 8:07:37 PM] [Trader] Смерт (76561198818118013) TraderNPC: x10 Квестовая монета, for => x1 Медовуха Двергов
[1/13/2024 8:07:37 PM] [Trader] Смерт (76561198818118013) TraderNPC: x10 Квестовая монета, for => x1 Медовуха Двергов
[1/13/2024 8:07:37 PM] [Trader] Смерт (76561198818118013) TraderNPC: x10 Квестовая монета, for => x1 Медовуха Двергов
[1/13/2024 8:07:37 PM] [Trader] Смерт (76561198818118013) TraderNPC: x10 Квестовая монета, for => x1 Медовуха Двергов
[1/13/2024 8:07:38 PM] [Trader] Смерт (76561198818118013) TraderNPC: x10 Квестовая монета, for => x1 Медовуха Двергов
[1/13/2024 8:07:38 PM] [Trader] Смерт (76561198818118013) TraderNPC: x10 Квестовая монета, for => x1 Медовуха Двергов
[1/13/2024 8:07:38 PM] [Trader] Смерт (76561198818118013) TraderNPC: x10 Квестовая монета, for => x1 Медовуха Двергов
[1/13/2024 8:07:38 PM] [Trader] Смерт (76561198818118013) TraderNPC: x10 Квестовая монета, for => x1 Медовуха Двергов
[1/13/2024 8:07:38 PM] [Trader] Смерт (76561198818118013) TraderNPC: x10 Квестовая монета, for => x1 Медовуха Двергов
[1/13/2024 8:07:38 PM] [Trader] Смерт (76561198818118013) TraderNPC: x10 Квестовая монета, for => x1 Медовуха Двергов
[1/13/2024 8:07:39 PM] [Trader] Смерт (76561198818118013) TraderNPC: x10 Квестовая монета, for => x1 Медовуха Двергов
[1/13/2024 8:07:39 PM] [Trader] Смерт (76561198818118013) TraderNPC: x10 Квестовая монета, for => x1 Медовуха Двергов
[1/13/2024 8:07:39 PM] [Trader] Смерт (76561198818118013) TraderNPC: x10 Квестовая монета, for => x1 Медовуха Двергов
[1/13/2024 8:07:39 PM] [Trader] Смерт (76561198818118013) TraderNPC: x10 Квестовая монета, for => x1 Медовуха Двергов
[1/13/2024 8:07:40 PM] [Trader] Смерт (76561198818118013) TraderNPC: x10 Квестовая монета, for => x1 Медовуха Двергов
[1/13/2024 8:07:40 PM] [Trader] Смерт (76561198818118013) TraderNPC: x10 Квестовая монета, for => x1 Медовуха Двергов
[1/13/2024 8:07:40 PM] [Trader] Смерт (76561198818118013) TraderNPC: x10 Квестовая монета, for => x1 Медовуха Двергов
[1/13/2024 8:07:40 PM] [Trader] Смерт (76561198818118013) TraderNPC: x10 Квестовая монета, for => x1 Медовуха Двергов
[1/13/2024 8:07:40 PM] [Trader] Смерт (76561198818118013) TraderNPC: x10 Квестовая монета, for => x1 Медовуха Двергов
[1/13/2024 8:07:40 PM] [Trader] Смерт (76561198818118013) TraderNPC: x10 Квестовая монета, for => x1 Медовуха Двергов
[1/13/2024 8:07:40 PM] [Trader] Смерт (76561198818118013) TraderNPC: x10 Квестовая монета, for => x1 Медовуха Двергов
[1/13/2024 8:07:41 PM] [Trader] Смерт (76561198818118013) TraderNPC: x10 Квестовая монета, for => x1 Медовуха Двергов
[1/13/2024 8:07:41 PM] [Trader] Смерт (76561198818118013) TraderNPC: x10 Квестовая монета, for => x1 Медовуха Двергов
[23.02.2024 18:23:46] [Transmog] Player Hlín has transmogged Панцирный нагрудник to Ornate Black Platemail for 20 Trading's coin
[23.02.2024 18:24:33] [Transmog] Player Hlín has transmogged Панцирный шлем to Finned Greathelm of St. Jude for 20 Trading's coin
[23.02.2024 18:24:53] [Transmog] Player Hlín has transmogged Панцирные поножи to St. Jude Legguards for 20 Trading's coin
[23.02.2024 18:26:53] [Transmog] Player Hlín has transmogged Панцирный нагрудник to St. Jude Armor for 20 Trading's coin
[23.02.2024 18:26:58] [Transmog] Player Hlín has transmogged Панцирные поножи to St. Jude Legguards for 20 Trading's coin
[23.02.2024 18:28:59] [Transmog] Player Hlín has transmogged Панцирный нагрудник to St. Jude Armor for 20 Trading's coin
[23.02.2024 19:02:47] [Transmog] Player Hlín has transmogged Лук to Bronze crossbow for 20 Trading's coin
[23.02.2024 19:19:23] [Transmog] Player Hlín has transmogged Панцирный шлем to Scorched sallet for 20 Quest's coin
